=== CS2 Demo Parser using demoparser2 ===

=== Extracting Demo Archives ===
Found 10 archive files
Extracting 2385963_101062.rar...
  ✓ Extracted with unar
Extracting 2385968_101118.rar...
  ✗ Failed to extract 2385968_101118.rar - no suitable extraction tool found
    Please install one of: unar (brew install unar), unrar, or 7z
Extracting 2385967_101109.rar...
  ✗ Failed to extract 2385967_101109.rar - no suitable extraction tool found
    Please install one of: unar (brew install unar), unrar, or 7z
Extracting 2385962_100984.rar...
  ✗ Failed to extract 2385962_100984.rar - no suitable extraction tool found
    Please install one of: unar (brew install unar), unrar, or 7z
Extracting 2385969_101129.rar...
  ✗ Failed to extract 2385969_101129.rar - no suitable extraction tool found
    Please install one of: unar (brew install unar), unrar, or 7z
Extracting 2385970_101137.rar...
  ✗ Failed to extract 2385970_101137.rar - no suitable extraction tool found
    Please install one of: unar (brew install unar), unrar, or 7z
Extracting 2385964_101069.rar...
  ✗ Failed to extract 2385964_101069.rar - no suitable extraction tool found
    Please install one of: unar (brew install unar), unrar, or 7z
Extracting 2385966_101091.rar...
  ✗ Failed to extract 2385966_101091.rar - no suitable extraction tool found
    Please install one of: unar (brew install unar), unrar, or 7z
Extracting 2385965_101076.rar...
  ✗ Failed to extract 2385965_101076.rar - no suitable extraction tool found
    Please install one of: unar (brew install unar), unrar, or 7z
Extracting 2385961_101150.rar...
  ✗ Failed to extract 2385961_101150.rar - no suitable extraction tool found
    Please install one of: unar (brew install unar), unrar, or 7z

Extraction complete: 1 successful, 9 failed

=== Scanning for Demo Files ===
Scanning /Users/lukerobinson/Dropbox/school/csci_5502/CS_ANALYTICS_DM/machine_learning/demos_extracted for demo files...
Found 29 unique demo files (deduplicated):
  - 2385964_101069/2385964_101069/mouz-vs-natus-vincere-m3-train.dem
  - 2385964_101069/2385964_101069/mouz-vs-natus-vincere-m2-inferno.dem
  - 2385964_101069/2385964_101069/mouz-vs-natus-vincere-m1-ancient.dem
  - 2385970_101137/2385970_101137/falcons-vs-vitality-m2-train.dem
  - 2385970_101137/2385970_101137/falcons-vs-vitality-m1-inferno-p1.dem
  - 2385970_101137/2385970_101137/falcons-vs-vitality-m1-inferno-p2.dem
  - 2385970_101137/2385970_101137/falcons-vs-vitality-m3-dust2.dem
  - 2385961_101150/2385961_101150-1/g2-vs-3dmax-m2-dust2.dem
  - 2385961_101150/2385961_101150-1/g2-vs-3dmax-m1-inferno.dem
  - 2385969_101129/2385969_101129/mouz-vs-faze-m1-ancient-p1.dem
  - 2385969_101129/2385969_101129/mouz-vs-faze-m1-ancient-p2.dem
  - 2385969_101129/2385969_101129/mouz-vs-faze-m2-overpass.dem
  - 2385963_101062/2385963_101062/3dmax-vs-falcons-m1-inferno.dem
  - 2385963_101062/2385963_101062/3dmax-vs-falcons-m2-ancient.dem
  - 2385963_101062/2385963_101062/3dmax-vs-falcons-m3-nuke.dem
  - 2385965_101076/2385965_101076-3/spirit-vs-faze-m1-nuke-p2.dem
  - 2385965_101076/2385965_101076-3/spirit-vs-faze-m1-nuke-p1.dem
  - 2385965_101076/2385965_101076-3/spirit-vs-faze-m2-mirage.dem
  - 2385966_101091/2385966_101091-1/furia-vs-vitality-m3-nuke.dem
  - 2385966_101091/2385966_101091-1/furia-vs-vitality-m1-overpass.dem
  - 2385966_101091/2385966_101091-1/furia-vs-vitality-m2-inferno.dem
  - 2385968_101118/2385968_101118-1/faze-vs-vitality-m2-inferno.dem
  - 2385968_101118/2385968_101118-1/faze-vs-vitality-m1-mirage.dem
  - 2385968_101118/2385968_101118-1/faze-vs-vitality-m3-dust2.dem
  - 2385962_100984/2385962_100984-5/aurora-vs-faze-m3-dust2.dem
  - 2385962_100984/2385962_100984-5/aurora-vs-faze-m2-train.dem
  - 2385962_100984/2385962_100984-5/aurora-vs-faze-m1-mirage.dem
  - 2385967_101109/2385967_101109-1/mouz-vs-falcons-m2-ancient.dem
  - 2385967_101109/2385967_101109-1/mouz-vs-falcons-m1-inferno.dem

=== Starting Parsing ===

--- [1/29] Processing mouz-vs-natus-vincere-m3-train.dem ---
Parsing mouz-vs-natus-vincere-m3-train.dem with demoparser2...
  ✗ Failed: thread '<unnamed>' panicked at /Users/runner/work/demoparser/demoparser/src/parser/src/first_pass/pa

--- [2/29] Processing mouz-vs-natus-vincere-m2-inferno.dem ---
Parsing mouz-vs-natus-vincere-m2-inferno.dem with demoparser2...
  ✗ Failed: thread '<unnamed>' panicked at /Users/runner/work/demoparser/demoparser/src/parser/src/first_pass/pa

--- [3/29] Processing mouz-vs-natus-vincere-m1-ancient.dem ---
Parsing mouz-vs-natus-vincere-m1-ancient.dem with demoparser2...
  ✗ Failed: thread '<unnamed>' panicked at /Users/runner/work/demoparser/demoparser/src/parser/src/first_pass/pa

--- [4/29] Processing falcons-vs-vitality-m2-train.dem ---
Parsing falcons-vs-vitality-m2-train.dem with demoparser2...
  ✗ Failed: thread '<unnamed>' panicked at /Users/runner/work/demoparser/demoparser/src/parser/src/first_pass/pa

--- [5/29] Processing falcons-vs-vitality-m1-inferno-p1.dem ---
Parsing falcons-vs-vitality-m1-inferno-p1.dem with demoparser2...
  ✗ Failed: thread '<unnamed>' panicked at /Users/runner/work/demoparser/demoparser/src/parser/src/first_pass/pa

--- [6/29] Processing falcons-vs-vitality-m1-inferno-p2.dem ---
Parsing falcons-vs-vitality-m1-inferno-p2.dem with demoparser2...
  ✗ Failed: thread '<unnamed>' panicked at /Users/runner/work/demoparser/demoparser/src/parser/src/first_pass/pa

--- [7/29] Processing falcons-vs-vitality-m3-dust2.dem ---
Parsing falcons-vs-vitality-m3-dust2.dem with demoparser2...
  ✗ Failed: thread '<unnamed>' panicked at /Users/runner/work/demoparser/demoparser/src/parser/src/first_pass/pa

--- [8/29] Processing g2-vs-3dmax-m2-dust2.dem ---
Parsing g2-vs-3dmax-m2-dust2.dem with demoparser2...
  ✗ Failed: thread '<unnamed>' panicked at /Users/runner/work/demoparser/demoparser/src/parser/src/first_pass/pa

--- [9/29] Processing g2-vs-3dmax-m1-inferno.dem ---
Parsing g2-vs-3dmax-m1-inferno.dem with demoparser2...
  ✗ Failed: thread '<unnamed>' panicked at /Users/runner/work/demoparser/demoparser/src/parser/src/first_pass/pa

--- [10/29] Processing mouz-vs-faze-m1-ancient-p1.dem ---
Parsing mouz-vs-faze-m1-ancient-p1.dem with demoparser2...
  ✗ Failed: ERROR: DemoEndsEarly("demo ends early. Expected legth: 334026303, file lenght: 187432960. Missing: 4

--- [11/29] Processing mouz-vs-faze-m1-ancient-p2.dem ---
Parsing mouz-vs-faze-m1-ancient-p2.dem with demoparser2...
  ✗ Failed: thread '<unnamed>' panicked at /Users/runner/work/demoparser/demoparser/src/parser/src/first_pass/pa

--- [12/29] Processing mouz-vs-faze-m2-overpass.dem ---
Parsing mouz-vs-faze-m2-overpass.dem with demoparser2...
  ✗ Failed: thread '<unnamed>' panicked at /Users/runner/work/demoparser/demoparser/src/parser/src/first_pass/pa

--- [13/29] Processing 3dmax-vs-falcons-m1-inferno.dem ---
Parsing 3dmax-vs-falcons-m1-inferno.dem with demoparser2...
  ✓ SUCCESS: 23 rounds
SUCCESS: 140 deaths

--- [14/29] Processing 3dmax-vs-falcons-m2-ancient.dem ---
Parsing 3dmax-vs-falcons-m2-ancient.dem with demoparser2...
  ✓ SUCCESS: 21 rounds
SUCCESS: 131 deaths

--- [15/29] Processing 3dmax-vs-falcons-m3-nuke.dem ---
Parsing 3dmax-vs-falcons-m3-nuke.dem with demoparser2...
  ✓ SUCCESS: 29 rounds
SUCCESS: 186 deaths

--- [16/29] Processing spirit-vs-faze-m1-nuke-p2.dem ---
Parsing spirit-vs-faze-m1-nuke-p2.dem with demoparser2...
  ✗ Failed: thread '<unnamed>' panicked at /Users/runner/work/demoparser/demoparser/src/parser/src/first_pass/pa

--- [17/29] Processing spirit-vs-faze-m1-nuke-p1.dem ---
Parsing spirit-vs-faze-m1-nuke-p1.dem with demoparser2...
  ✗ Failed: thread '<unnamed>' panicked at /Users/runner/work/demoparser/demoparser/src/parser/src/first_pass/pa

--- [18/29] Processing spirit-vs-faze-m2-mirage.dem ---
Parsing spirit-vs-faze-m2-mirage.dem with demoparser2...
  ✗ Failed: thread '<unnamed>' panicked at /Users/runner/work/demoparser/demoparser/src/parser/src/first_pass/pa

--- [19/29] Processing furia-vs-vitality-m3-nuke.dem ---
Parsing furia-vs-vitality-m3-nuke.dem with demoparser2...
  ✗ Failed: thread '<unnamed>' panicked at /Users/runner/work/demoparser/demoparser/src/parser/src/first_pass/pa

--- [20/29] Processing furia-vs-vitality-m1-overpass.dem ---
Parsing furia-vs-vitality-m1-overpass.dem with demoparser2...
  ✗ Failed: thread '<unnamed>' panicked at /Users/runner/work/demoparser/demoparser/src/parser/src/first_pass/pa

--- [21/29] Processing furia-vs-vitality-m2-inferno.dem ---
Parsing furia-vs-vitality-m2-inferno.dem with demoparser2...
  ✗ Failed: thread '<unnamed>' panicked at /Users/runner/work/demoparser/demoparser/src/parser/src/first_pass/pa

--- [22/29] Processing faze-vs-vitality-m2-inferno.dem ---
Parsing faze-vs-vitality-m2-inferno.dem with demoparser2...
  ✗ Failed: thread '<unnamed>' panicked at /Users/runner/work/demoparser/demoparser/src/parser/src/first_pass/pa

--- [23/29] Processing faze-vs-vitality-m1-mirage.dem ---
Parsing faze-vs-vitality-m1-mirage.dem with demoparser2...
  ✗ Failed: thread '<unnamed>' panicked at /Users/runner/work/demoparser/demoparser/src/parser/src/first_pass/pa

--- [24/29] Processing faze-vs-vitality-m3-dust2.dem ---
Parsing faze-vs-vitality-m3-dust2.dem with demoparser2...
  ✗ Failed: thread '<unnamed>' panicked at /Users/runner/work/demoparser/demoparser/src/parser/src/first_pass/pa

--- [25/29] Processing aurora-vs-faze-m3-dust2.dem ---
Parsing aurora-vs-faze-m3-dust2.dem with demoparser2...
  ✗ Failed: thread '<unnamed>' panicked at /Users/runner/work/demoparser/demoparser/src/parser/src/first_pass/pa

--- [26/29] Processing aurora-vs-faze-m2-train.dem ---
Parsing aurora-vs-faze-m2-train.dem with demoparser2...
  ✗ Failed: thread '<unnamed>' panicked at /Users/runner/work/demoparser/demoparser/src/parser/src/first_pass/pa

--- [27/29] Processing aurora-vs-faze-m1-mirage.dem ---
Parsing aurora-vs-faze-m1-mirage.dem with demoparser2...
  ✗ Failed: thread '<unnamed>' panicked at /Users/runner/work/demoparser/demoparser/src/parser/src/first_pass/pa

--- [28/29] Processing mouz-vs-falcons-m2-ancient.dem ---
Parsing mouz-vs-falcons-m2-ancient.dem with demoparser2...
  ✗ Failed: thread '<unnamed>' panicked at /Users/runner/work/demoparser/demoparser/src/parser/src/first_pass/pa

--- [29/29] Processing mouz-vs-falcons-m1-inferno.dem ---
Parsing mouz-vs-falcons-m1-inferno.dem with demoparser2...
  ✗ Failed: thread '<unnamed>' panicked at /Users/runner/work/demoparser/demoparser/src/parser/src/first_pass/pa

=== Parsing Complete ===
Successfully parsed: 3/29
Failed to parse: 26/29
Results saved to: /Users/lukerobinson/Dropbox/school/csci_5502/CS_ANALYTICS_DM/machine_learning/hltv_data
